<?xml version="1.0" encoding="utf-8"?><testsuites name="pytest tests"><testsuite name="pytest" errors="0" failures="1" skipped="0" tests="20" time="9.866" timestamp="2026-06-19T19:27:50.019745+00:00" hostname="agent-env-770944c0-4efc-4679-8367-bce6ec97b5fd"><testcase classname="backend.tests.backend_test" name="test_health_root" time="0.263" /><testcase classname="backend.tests.backend_test.TestAuth" name="test_login_admin_sets_cookies" time="0.402" /><testcase classname="backend.tests.backend_test.TestAuth" name="test_me_without_cookie_401" time="0.138" /><testcase classname="backend.tests.backend_test.TestAuth" name="test_logout_clears_cookies" time="0.426" /><testcase classname="backend.tests.backend_test.TestAuth" name="test_brute_force_lockout" time="0.822"><failure message="AssertionError: Expected lockout 429 in codes=[401, 401, 401, 401, 401, 401, 401]&#10;assert 429 in [401, 401, 401, 401, 401, 401, ...]">backend/tests/backend_test.py:65: in test_brute_force_lockout
    assert 429 in codes, f"Expected lockout 429 in codes={codes}"
E   AssertionError: Expected lockout 429 in codes=[401, 401, 401, 401, 401, 401, 401]
E   assert 429 in [401, 401, 401, 401, 401, 401, ...]</failure></testcase><testcase classname="backend.tests.backend_test.TestRBAC" name="test_sales_can_list_leads_cannot_create_user" time="0.436" /><testcase classname="backend.tests.backend_test.TestRBAC" name="test_content_can_post_blog_cannot_create_user" time="0.818" /><testcase classname="backend.tests.backend_test.TestPublicForms" name="test_public_lead" time="0.103" /><testcase classname="backend.tests.backend_test.TestPublicForms" name="test_public_demo_creates_lead" time="1.028" /><testcase classname="backend.tests.backend_test.TestPublicForms" name="test_public_quote_creates_lead" time="1.017" /><testcase classname="backend.tests.backend_test.TestPublicForms" name="test_public_ticket" time="0.120" /><testcase classname="backend.tests.backend_test.TestLeadCRUD" name="test_patch_valid_status_and_invalid" time="0.513" /><testcase classname="backend.tests.backend_test.TestLeadCRUD" name="test_add_note" time="0.497" /><testcase classname="backend.tests.backend_test.TestLeadCRUD" name="test_delete_super_admin" time="0.467" /><testcase classname="backend.tests.backend_test.TestProducts" name="test_list_seeded" time="0.132" /><testcase classname="backend.tests.backend_test.TestProducts" name="test_create_patch_delete" time="0.509" /><testcase classname="backend.tests.backend_test.TestProducts" name="test_slug_unique" time="0.487" /><testcase classname="backend.tests.backend_test.TestSettings" name="test_put_get_mask_and_no_overwrite" time="0.642" /><testcase classname="backend.tests.backend_test.TestAudit" name="test_audit_entries" time="0.468" /><testcase classname="backend.tests.backend_test.TestDashboard" name="test_stats_shape" time="0.384" /></testsuite></testsuites>